Will use local index.
Will use local index.
Will use local index.
Will use local index.
using index in /Users/fgeorg/code/hackathon/jgc/index/development/organization
[organization] register class Organization with index organization
[organization] default field list for index organization: [:updated_at, :partners, :asp, :email, :address, :description, :name, :website, :zipcode, :visible, :created_at, :resources, :contact]
using index in /Users/fgeorg/code/hackathon/jgc/index/development/activity
[activity] rebuild index with models: []
[activity] reopening index at /Users/fgeorg/code/hackathon/jgc/index/development/activity
[activity] register class Activity with index activity
[activity] default field list for index activity: [:lat, :updated_at, :duration, :pd_user_id, :address, :lon, :description, :name, :cost, :category, :created_by, :instructions, :age_group, :visible, :otherPrograms, :created_at, :resources, :taggedAs]
[activity] register class Activity with index activity
[activity] refusing re-registration of class Activity
[activity] register class Activity with index activity
[activity] refusing re-registration of class Activity
[activity] register class Activity with index activity
[activity] refusing re-registration of class Activity
[activity] register class Activity with index activity
[activity] refusing re-registration of class Activity
[activity] register class Activity with index activity
[activity] refusing re-registration of class Activity
Will use local index.
Will use local index.
Will use local index.
Will use local index.
Will use local index.
[activity] register class Activity with index activity
[activity] refusing re-registration of class Activity
[activity] register class Activity with index activity
[activity] refusing re-registration of class Activity
[activity] register class Activity with index activity
[activity] refusing re-registration of class Activity
[activity] register class Activity with index activity
[activity] refusing re-registration of class Activity
[activity] register class Activity with index activity
[activity] refusing re-registration of class Activity
Will use local index.
Will use local index.
[activity] register class Activity with index activity
[activity] refusing re-registration of class Activity
[activity] register class Activity with index activity
[activity] refusing re-registration of class Activity
[activity] register class Activity with index activity
[activity] refusing re-registration of class Activity
[activity] register class Activity with index activity
[activity] refusing re-registration of class Activity
[activity] register class Activity with index activity
[activity] refusing re-registration of class Activity
[activity] register class Activity with index activity
[activity] refusing re-registration of class Activity
[activity] register class Activity with index activity
[activity] refusing re-registration of class Activity
[activity] register class Activity with index activity
[activity] refusing re-registration of class Activity
[activity] register class Activity with index activity
[activity] refusing re-registration of class Activity
[activity] register class Activity with index activity
[activity] refusing re-registration of class Activity
[activity] register class Activity with index activity
[activity] refusing re-registration of class Activity
[activity] register class Activity with index activity
[activity] refusing re-registration of class Activity
[activity] register class Activity with index activity
[activity] refusing re-registration of class Activity
[activity] register class Activity with index activity
[activity] refusing re-registration of class Activity
[activity] register class Activity with index activity
[activity] refusing re-registration of class Activity
[activity] register class Activity with index activity
[activity] refusing re-registration of class Activity
