# Logfile created on Sat Feb 06 19:38:24 -0800 2010  [4;36;1mSQL (0.1ms)[0m   [0;1mSET NAMES 'utf8'[0m
  [4;35;1mSQL (0.1ms)[0m   [0mSET SQL_AUTO_IS_NULL=0[0m
DEPRECATION WARNING: protect_from_forgery only takes :only and :except options now. :digest and :secret have no effect. (called from /Users/Matt/Code/jgc/app/controllers/application_controller.rb:9)
DEPRECATION WARNING: Disabling sessions for a single controller has been deprecated. Sessions are now lazy loaded. So if you don't access them, consider them off. You can still modify the session cookie options with request.session_options.. (called from /Users/Matt/Code/jgc/app/controllers/application_controller.rb:68)


Processing ActivitiesController#index (for 127.0.0.1 at 2010-02-06 19:40:38) [GET]
  [4;36;1mActivity Columns (2.3ms)[0m   [0;1mSHOW FIELDS FROM `activities`[0m
  [4;35;1mActivity Load (0.3ms)[0m   [0mSELECT * FROM `activities` [0m
  [4;36;1mProgram Load (0.3ms)[0m   [0;1mSELECT * FROM programs where activity_id = 1[0m
  [4;35;1mProgram Load (0.1ms)[0m   [0mSELECT * FROM programs where activity_id = 2[0m
  [4;36;1mProgram Load (0.1ms)[0m   [0;1mSELECT * FROM programs where activity_id = 3[0m
  [4;35;1mProgram Load (0.1ms)[0m   [0mSELECT * FROM programs where activity_id = 4[0m
Rendering template within layouts/activities
Rendering activities/index
Completed in 93ms (View: 52, DB: 6) | 200 OK [http://localhost/activities]
  [4;36;1mSQL (0.1ms)[0m   [0;1mSET NAMES 'utf8'[0m
  [4;35;1mSQL (0.1ms)[0m   [0mSET SQL_AUTO_IS_NULL=0[0m
DEPRECATION WARNING: protect_from_forgery only takes :only and :except options now. :digest and :secret have no effect. (called from /Users/Matt/Code/jgc/app/controllers/application_controller.rb:9)
DEPRECATION WARNING: Disabling sessions for a single controller has been deprecated. Sessions are now lazy loaded. So if you don't access them, consider them off. You can still modify the session cookie options with request.session_options.. (called from /Users/Matt/Code/jgc/app/controllers/application_controller.rb:68)


Processing ActivitiesController#new (for 127.0.0.1 at 2010-02-06 19:40:40) [GET]
  [4;36;1mActivity Columns (2.3ms)[0m   [0;1mSHOW FIELDS FROM `activities`[0m
Rendering template within layouts/activities
Rendering activities/new
Rendered activities/_add_cost (0.6ms)
Rendered activities/_add_duration (0.5ms)
Rendered activities/_add_program (3.5ms)
  [4;35;1mProgram Columns (1.3ms)[0m   [0mSHOW FIELDS FROM `programs`[0m
Rendered activities/_add_program (0.1ms)
Rendered activities/_add_age_group (0.6ms)
Completed in 44ms (View: 25, DB: 4) | 200 OK [http://localhost/activities/new]
  [4;36;1mSQL (0.1ms)[0m   [0;1mSET NAMES 'utf8'[0m
  [4;35;1mSQL (0.2ms)[0m   [0mSET SQL_AUTO_IS_NULL=0[0m
DEPRECATION WARNING: protect_from_forgery only takes :only and :except options now. :digest and :secret have no effect. (called from /Users/Matt/Code/jgc/app/controllers/application_controller.rb:9)
DEPRECATION WARNING: Disabling sessions for a single controller has been deprecated. Sessions are now lazy loaded. So if you don't access them, consider them off. You can still modify the session cookie options with request.session_options.. (called from /Users/Matt/Code/jgc/app/controllers/application_controller.rb:68)


Processing ActivitiesController#index (for 127.0.0.1 at 2010-02-06 19:40:46) [GET]
  [4;36;1mActivity Load (0.5ms)[0m   [0;1mSELECT * FROM `activities` [0m
  [4;35;1mActivity Columns (2.4ms)[0m   [0mSHOW FIELDS FROM `activities`[0m
  [4;36;1mProgram Load (0.4ms)[0m   [0;1mSELECT * FROM programs where activity_id = 1[0m
  [4;35;1mProgram Load (0.2ms)[0m   [0mSELECT * FROM programs where activity_id = 2[0m
  [4;36;1mProgram Load (0.1ms)[0m   [0;1mSELECT * FROM programs where activity_id = 3[0m
  [4;35;1mProgram Load (0.1ms)[0m   [0mSELECT * FROM programs where activity_id = 4[0m
Rendering template within layouts/activities
Rendering activities/index
Completed in 26ms (View: 4, DB: 4) | 200 OK [http://localhost/activities]
  [4;36;1mSQL (0.1ms)[0m   [0;1mSET NAMES 'utf8'[0m
  [4;35;1mSQL (0.1ms)[0m   [0mSET SQL_AUTO_IS_NULL=0[0m
DEPRECATION WARNING: protect_from_forgery only takes :only and :except options now. :digest and :secret have no effect. (called from /Users/Matt/Code/jgc/app/controllers/application_controller.rb:9)
DEPRECATION WARNING: Disabling sessions for a single controller has been deprecated. Sessions are now lazy loaded. So if you don't access them, consider them off. You can still modify the session cookie options with request.session_options.. (called from /Users/Matt/Code/jgc/app/controllers/application_controller.rb:68)


Processing UserController#BrowseAllActivities (for 127.0.0.1 at 2010-02-06 19:40:48) [GET]
  [4;36;1mActivity Load (0.4ms)[0m   [0;1mSELECT * FROM `activities` [0m
Rendering template within layouts/user
Rendering user/BrowseAllActivities
  [4;35;1mActivity Columns (2.3ms)[0m   [0mSHOW FIELDS FROM `activities`[0m
Completed in 40ms (View: 24, DB: 3) | 200 OK [http://localhost/user/BrowseAllActivities]
  [4;36;1mSQL (0.1ms)[0m   [0;1mSET NAMES 'utf8'[0m
  [4;35;1mSQL (0.1ms)[0m   [0mSET SQL_AUTO_IS_NULL=0[0m
DEPRECATION WARNING: protect_from_forgery only takes :only and :except options now. :digest and :secret have no effect. (called from /Users/Matt/Code/jgc/app/controllers/application_controller.rb:9)
DEPRECATION WARNING: Disabling sessions for a single controller has been deprecated. Sessions are now lazy loaded. So if you don't access them, consider them off. You can still modify the session cookie options with request.session_options.. (called from /Users/Matt/Code/jgc/app/controllers/application_controller.rb:68)


Processing UserController#showAllActivities (for 127.0.0.1 at 2010-02-06 19:40:51) [POST]
  Parameters: {"commit"=>"Show", "authenticity_token"=>"W93eNjRW6LgQBUKXO+rrxTvLspqWYSw3oYccX0p1eSo=", "activity"=>{"id"=>"4"}}
  [4;36;1mActivity Columns (2.3ms)[0m   [0;1mSHOW FIELDS FROM `activities`[0m
  [4;35;1mActivity Load (0.5ms)[0m   [0mSELECT * FROM `activities` WHERE (`activities`.`id` = 4) [0m
Redirected to http://localhost:3000/activities/4
Completed in 21ms (DB: 3) | 302 Found [http://localhost/user/showAllActivities]
  [4;36;1mSQL (0.1ms)[0m   [0;1mSET NAMES 'utf8'[0m
  [4;35;1mSQL (0.1ms)[0m   [0mSET SQL_AUTO_IS_NULL=0[0m
DEPRECATION WARNING: protect_from_forgery only takes :only and :except options now. :digest and :secret have no effect. (called from /Users/Matt/Code/jgc/app/controllers/application_controller.rb:9)
DEPRECATION WARNING: Disabling sessions for a single controller has been deprecated. Sessions are now lazy loaded. So if you don't access them, consider them off. You can still modify the session cookie options with request.session_options.. (called from /Users/Matt/Code/jgc/app/controllers/application_controller.rb:68)


Processing ActivitiesController#show (for 127.0.0.1 at 2010-02-06 19:40:51) [GET]
  Parameters: {"id"=>"4"}
  [4;36;1mActivity Columns (2.8ms)[0m   [0;1mSHOW FIELDS FROM `activities`[0m
  [4;35;1mActivity Load (0.6ms)[0m   [0mSELECT * FROM `activities` WHERE (`activities`.`id` = 4) [0m
  [4;36;1mProgram Load (0.2ms)[0m   [0;1mSELECT * FROM programs where activity_id = NULL[0m
  [4;35;1mCategory Load (0.2ms)[0m   [0mSELECT * FROM categories where activity_id = NULL[0m
  [4;36;1mActivitiesComment Load (0.2ms)[0m   [0;1mSELECT * FROM activities_comments where activity_id = NULL[0m
  [4;35;1mActivitiesComment Columns (1.3ms)[0m   [0mSHOW FIELDS FROM `activities_comments`[0m
Rendering template within layouts/activities
Rendering activities/show
  [4;36;1mActivitiesComment Load (0.3ms)[0m   [0;1mSELECT * FROM `activities_comments` WHERE (`activities_comments`.activity_id = 4) [0m
Completed in 41ms (View: 12, DB: 6) | 200 OK [http://localhost/activities/4]
  [4;35;1mSQL (0.1ms)[0m   [0mSET NAMES 'utf8'[0m
  [4;36;1mSQL (0.1ms)[0m   [0;1mSET SQL_AUTO_IS_NULL=0[0m
DEPRECATION WARNING: protect_from_forgery only takes :only and :except options now. :digest and :secret have no effect. (called from /Users/Matt/Code/jgc/app/controllers/application_controller.rb:9)
DEPRECATION WARNING: Disabling sessions for a single controller has been deprecated. Sessions are now lazy loaded. So if you don't access them, consider them off. You can still modify the session cookie options with request.session_options.. (called from /Users/Matt/Code/jgc/app/controllers/application_controller.rb:68)


Processing ActivitiesController#save_activity_comment (for 127.0.0.1 at 2010-02-06 19:40:58) [POST]
  Parameters: {"new_comment"=>{"activity_id"=>"4", "comment_text"=>"hello", "email"=>"hello"}, "commit"=>"Submit", "authenticity_token"=>"W93eNjRW6LgQBUKXO+rrxTvLspqWYSw3oYccX0p1eSo="}
  [4;35;1mActivitiesComment Columns (1.8ms)[0m   [0mSHOW FIELDS FROM `activities_comments`[0m
  [4;36;1mActivity Columns (1.9ms)[0m   [0;1mSHOW FIELDS FROM `activities`[0m
  [4;35;1mActivity Load (0.5ms)[0m   [0mSELECT * FROM `activities` WHERE (`activities`.`id` = 4) [0m
  [4;36;1mProgram Load (0.2ms)[0m   [0;1mSELECT * FROM programs where activity_id = '4'[0m
  [4;35;1mCategory Load (0.2ms)[0m   [0mSELECT * FROM categories where activity_id = '4'[0m
  [4;36;1mActivitiesComment Load (0.1ms)[0m   [0;1mSELECT * FROM activities_comments where activity_id = '4'[0m
  [4;35;1mSQL (0.1ms)[0m   [0mBEGIN[0m
  [4;36;1mSQL (0.1ms)[0m   [0;1mROLLBACK[0m
Rendering template within layouts/activities
Rendering activities/show
Completed in 38ms (View: 6, DB: 6) | 200 OK [http://localhost/activities/save_activity_comment]
  [4;35;1mSQL (0.1ms)[0m   [0mSET NAMES 'utf8'[0m
  [4;36;1mSQL (0.1ms)[0m   [0;1mSET SQL_AUTO_IS_NULL=0[0m
DEPRECATION WARNING: protect_from_forgery only takes :only and :except options now. :digest and :secret have no effect. (called from /Users/Matt/Code/jgc/app/controllers/application_controller.rb:9)
DEPRECATION WARNING: Disabling sessions for a single controller has been deprecated. Sessions are now lazy loaded. So if you don't access them, consider them off. You can still modify the session cookie options with request.session_options.. (called from /Users/Matt/Code/jgc/app/controllers/application_controller.rb:68)


Processing ActivitiesController#save_activity_comment (for 127.0.0.1 at 2010-02-06 19:41:04) [POST]
  Parameters: {"new_comment"=>{"activity_id"=>"4", "comment_text"=>"hello", "email"=>"hello"}, "commit"=>"Submit", "authenticity_token"=>"W93eNjRW6LgQBUKXO+rrxTvLspqWYSw3oYccX0p1eSo="}
  [4;35;1mActivitiesComment Columns (1.9ms)[0m   [0mSHOW FIELDS FROM `activities_comments`[0m
  [4;36;1mActivity Columns (1.7ms)[0m   [0;1mSHOW FIELDS FROM `activities`[0m
  [4;35;1mActivity Load (0.3ms)[0m   [0mSELECT * FROM `activities` WHERE (`activities`.`id` = 4) [0m
  [4;36;1mProgram Load (0.2ms)[0m   [0;1mSELECT * FROM programs where activity_id = '4'[0m
  [4;35;1mCategory Load (0.2ms)[0m   [0mSELECT * FROM categories where activity_id = '4'[0m
  [4;36;1mActivitiesComment Load (0.1ms)[0m   [0;1mSELECT * FROM activities_comments where activity_id = '4'[0m
  [4;35;1mSQL (0.1ms)[0m   [0mBEGIN[0m
  [4;36;1mSQL (0.1ms)[0m   [0;1mROLLBACK[0m
Rendering template within layouts/activities
Rendering activities/show
Completed in 37ms (View: 6, DB: 5) | 200 OK [http://localhost/activities/save_activity_comment]
  [4;35;1mSQL (0.1ms)[0m   [0mSET NAMES 'utf8'[0m
  [4;36;1mSQL (0.1ms)[0m   [0;1mSET SQL_AUTO_IS_NULL=0[0m
DEPRECATION WARNING: protect_from_forgery only takes :only and :except options now. :digest and :secret have no effect. (called from /Users/Matt/Code/jgc/app/controllers/application_controller.rb:9)
DEPRECATION WARNING: Disabling sessions for a single controller has been deprecated. Sessions are now lazy loaded. So if you don't access them, consider them off. You can still modify the session cookie options with request.session_options.. (called from /Users/Matt/Code/jgc/app/controllers/application_controller.rb:68)


Processing ActivitiesController#save_activity_comment (for 127.0.0.1 at 2010-02-06 19:41:15) [POST]
  Parameters: {"new_comment"=>{"activity_id"=>"4", "comment_text"=>"hello", "email"=>"hello@hello.com"}, "commit"=>"Submit", "authenticity_token"=>"W93eNjRW6LgQBUKXO+rrxTvLspqWYSw3oYccX0p1eSo="}
  [4;35;1mActivitiesComment Columns (1.8ms)[0m   [0mSHOW FIELDS FROM `activities_comments`[0m
  [4;36;1mActivity Columns (1.8ms)[0m   [0;1mSHOW FIELDS FROM `activities`[0m
  [4;35;1mActivity Load (0.6ms)[0m   [0mSELECT * FROM `activities` WHERE (`activities`.`id` = 4) [0m
  [4;36;1mProgram Load (0.2ms)[0m   [0;1mSELECT * FROM programs where activity_id = '4'[0m
  [4;35;1mCategory Load (0.2ms)[0m   [0mSELECT * FROM categories where activity_id = '4'[0m
  [4;36;1mActivitiesComment Load (0.2ms)[0m   [0;1mSELECT * FROM activities_comments where activity_id = '4'[0m
  [4;35;1mSQL (0.1ms)[0m   [0mBEGIN[0m
  [4;36;1mActivitiesComment Create (0.2ms)[0m   [0;1mINSERT INTO `activities_comments` (`visible`, `activity_id`, `comment_text`, `email`) VALUES(0, 4, 'hello', 'hello@hello.com')[0m
  [4;35;1mSQL (0.7ms)[0m   [0mCOMMIT[0m
  [4;36;1mPdUser Columns (1.5ms)[0m   [0;1mSHOW FIELDS FROM `pd_users`[0m
  [4;35;1mPdUser Load (0.2ms)[0m   [0mSELECT * FROM `pd_users` WHERE (`pd_users`.`login_name` = 'mfichman') LIMIT 1[0m
  [4;36;1mEmails Columns (1.4ms)[0m   [0;1mSHOW FIELDS FROM `emails`[0m
  [4;35;1mSQL (0.1ms)[0m   [0mBEGIN[0m
  [4;36;1mEmails Create (0.2ms)[0m   [0;1mINSERT INTO `emails` (`updated_at`, `from`, `to`, `mail`, `subject`, `created_at`) VALUES('2010-02-07 03:41:16', 'helpjgc@gmail.com', 'mfichman@stanford.edu', 'A new comment has been posted by hello@hello.com for your activity: bob', 'New Comment has been posted for your activity', '2010-02-07 03:41:16')[0m
  [4;35;1mSQL (0.7ms)[0m   [0mCOMMIT[0m
Redirected to http://localhost:3000/activities/4
Completed in 101ms (DB: 10) | 302 Found [http://localhost/activities/save_activity_comment]
  [4;36;1mSQL (0.1ms)[0m   [0;1mSET NAMES 'utf8'[0m
  [4;35;1mSQL (0.1ms)[0m   [0mSET SQL_AUTO_IS_NULL=0[0m
DEPRECATION WARNING: protect_from_forgery only takes :only and :except options now. :digest and :secret have no effect. (called from /Users/Matt/Code/jgc/app/controllers/application_controller.rb:9)
DEPRECATION WARNING: Disabling sessions for a single controller has been deprecated. Sessions are now lazy loaded. So if you don't access them, consider them off. You can still modify the session cookie options with request.session_options.. (called from /Users/Matt/Code/jgc/app/controllers/application_controller.rb:68)


Processing ActivitiesController#show (for 127.0.0.1 at 2010-02-06 19:41:16) [GET]
  Parameters: {"id"=>"4"}
  [4;36;1mActivity Columns (2.4ms)[0m   [0;1mSHOW FIELDS FROM `activities`[0m
  [4;35;1mActivity Load (0.8ms)[0m   [0mSELECT * FROM `activities` WHERE (`activities`.`id` = 4) [0m
  [4;36;1mProgram Load (0.2ms)[0m   [0;1mSELECT * FROM programs where activity_id = NULL[0m
  [4;35;1mCategory Load (0.2ms)[0m   [0mSELECT * FROM categories where activity_id = NULL[0m
  [4;36;1mActivitiesComment Load (0.2ms)[0m   [0;1mSELECT * FROM activities_comments where activity_id = NULL[0m
  [4;35;1mActivitiesComment Columns (1.3ms)[0m   [0mSHOW FIELDS FROM `activities_comments`[0m
Rendering template within layouts/activities
Rendering activities/show
  [4;36;1mActivitiesComment Load (0.3ms)[0m   [0;1mSELECT * FROM `activities_comments` WHERE (`activities_comments`.activity_id = 4) [0m
Completed in 35ms (View: 8, DB: 6) | 200 OK [http://localhost/activities/4]
  [4;35;1mSQL (0.1ms)[0m   [0mSET NAMES 'utf8'[0m
  [4;36;1mSQL (0.1ms)[0m   [0;1mSET SQL_AUTO_IS_NULL=0[0m
DEPRECATION WARNING: protect_from_forgery only takes :only and :except options now. :digest and :secret have no effect. (called from /Users/Matt/Code/jgc/app/controllers/application_controller.rb:9)
DEPRECATION WARNING: Disabling sessions for a single controller has been deprecated. Sessions are now lazy loaded. So if you don't access them, consider them off. You can still modify the session cookie options with request.session_options.. (called from /Users/Matt/Code/jgc/app/controllers/application_controller.rb:68)


Processing ActivitiesController#show (for 127.0.0.1 at 2010-02-06 19:41:56) [GET]
  Parameters: {"id"=>"4"}
  [4;35;1mActivity Columns (5.9ms)[0m   [0mSHOW FIELDS FROM `activities`[0m
  [4;36;1mActivity Load (0.4ms)[0m   [0;1mSELECT * FROM `activities` WHERE (`activities`.`id` = 4) [0m
  [4;35;1mProgram Load (0.2ms)[0m   [0mSELECT * FROM programs where activity_id = NULL[0m
  [4;36;1mCategory Load (0.6ms)[0m   [0;1mSELECT * FROM categories where activity_id = NULL[0m
  [4;35;1mActivitiesComment Load (0.2ms)[0m   [0mSELECT * FROM activities_comments where activity_id = NULL[0m
  [4;36;1mActivitiesComment Columns (1.2ms)[0m   [0;1mSHOW FIELDS FROM `activities_comments`[0m
Rendering template within layouts/activities
Rendering activities/show
  [4;35;1mActivitiesComment Load (0.3ms)[0m   [0mSELECT * FROM `activities_comments` WHERE (`activities_comments`.activity_id = 4) [0m

ActionView::TemplateError (undefined method `merge' for "E-mail address:":String) on line #60 of app/views/activities/show.html.erb:
57:     <div class="comment-form">
58:         <% form_for :new_comment, @new_comment, :url => { :action => "save_activity_comment" } do |f| %>
59:             <%= f.hidden_field :activity_id, :value => "#{@activity.id}" %> 
60:             <%= f.text_field :email, 'E-mail address:' %>
61:             <%= f.text_field :comment_text, 'Comment:' %>
62:             <%= submit_tag 'Submit' %>
63:         <% end %>

    app/views/activities/show.html.erb:60
    app/views/activities/show.html.erb:58
    app/controllers/activities_controller.rb:90:in `show'

Rendered rescues/_trace (97.6ms)
Rendered rescues/_request_and_response (1.5ms)
Rendering rescues/layout (internal_server_error)
  [4;36;1mSQL (0.1ms)[0m   [0;1mSET NAMES 'utf8'[0m
  [4;35;1mSQL (0.1ms)[0m   [0mSET SQL_AUTO_IS_NULL=0[0m
DEPRECATION WARNING: protect_from_forgery only takes :only and :except options now. :digest and :secret have no effect. (called from /Users/Matt/Code/jgc/app/controllers/application_controller.rb:9)
DEPRECATION WARNING: Disabling sessions for a single controller has been deprecated. Sessions are now lazy loaded. So if you don't access them, consider them off. You can still modify the session cookie options with request.session_options.. (called from /Users/Matt/Code/jgc/app/controllers/application_controller.rb:68)


Processing ActivitiesController#show (for 127.0.0.1 at 2010-02-06 19:42:15) [GET]
  Parameters: {"id"=>"4"}
  [4;36;1mActivity Columns (2.2ms)[0m   [0;1mSHOW FIELDS FROM `activities`[0m
  [4;35;1mActivity Load (2.2ms)[0m   [0mSELECT * FROM `activities` WHERE (`activities`.`id` = 4) [0m
  [4;36;1mProgram Load (0.2ms)[0m   [0;1mSELECT * FROM programs where activity_id = NULL[0m
  [4;35;1mCategory Load (0.2ms)[0m   [0mSELECT * FROM categories where activity_id = NULL[0m
  [4;36;1mActivitiesComment Load (0.3ms)[0m   [0;1mSELECT * FROM activities_comments where activity_id = NULL[0m
  [4;35;1mActivitiesComment Columns (1.2ms)[0m   [0mSHOW FIELDS FROM `activities_comments`[0m
Rendering template within layouts/activities
Rendering activities/show
  [4;36;1mActivitiesComment Load (0.3ms)[0m   [0;1mSELECT * FROM `activities_comments` WHERE (`activities_comments`.activity_id = 4) [0m
Completed in 41ms (View: 12, DB: 7) | 200 OK [http://localhost/activities/4]
  [4;35;1mSQL (0.1ms)[0m   [0mSET NAMES 'utf8'[0m
  [4;36;1mSQL (0.1ms)[0m   [0;1mSET SQL_AUTO_IS_NULL=0[0m
DEPRECATION WARNING: protect_from_forgery only takes :only and :except options now. :digest and :secret have no effect. (called from /Users/Matt/Code/jgc/app/controllers/application_controller.rb:9)
DEPRECATION WARNING: Disabling sessions for a single controller has been deprecated. Sessions are now lazy loaded. So if you don't access them, consider them off. You can still modify the session cookie options with request.session_options.. (called from /Users/Matt/Code/jgc/app/controllers/application_controller.rb:68)


Processing ActivitiesController#show (for 127.0.0.1 at 2010-02-06 19:43:03) [GET]
  Parameters: {"id"=>"4"}
  [4;35;1mActivity Columns (2.5ms)[0m   [0mSHOW FIELDS FROM `activities`[0m
  [4;36;1mActivity Load (1.9ms)[0m   [0;1mSELECT * FROM `activities` WHERE (`activities`.`id` = 4) [0m
  [4;35;1mProgram Load (0.2ms)[0m   [0mSELECT * FROM programs where activity_id = NULL[0m
  [4;36;1mCategory Load (0.5ms)[0m   [0;1mSELECT * FROM categories where activity_id = NULL[0m
  [4;35;1mActivitiesComment Load (0.2ms)[0m   [0mSELECT * FROM activities_comments where activity_id = NULL[0m
  [4;36;1mActivitiesComment Columns (1.4ms)[0m   [0;1mSHOW FIELDS FROM `activities_comments`[0m
Rendering template within layouts/activities
Rendering activities/show
  [4;35;1mActivitiesComment Load (0.3ms)[0m   [0mSELECT * FROM `activities_comments` WHERE (`activities_comments`.activity_id = 4) [0m
Completed in 42ms (View: 12, DB: 8) | 200 OK [http://localhost/activities/4]
  [4;36;1mSQL (0.1ms)[0m   [0;1mSET NAMES 'utf8'[0m
  [4;35;1mSQL (0.1ms)[0m   [0mSET SQL_AUTO_IS_NULL=0[0m
DEPRECATION WARNING: protect_from_forgery only takes :only and :except options now. :digest and :secret have no effect. (called from /Users/Matt/Code/jgc/app/controllers/application_controller.rb:9)
DEPRECATION WARNING: Disabling sessions for a single controller has been deprecated. Sessions are now lazy loaded. So if you don't access them, consider them off. You can still modify the session cookie options with request.session_options.. (called from /Users/Matt/Code/jgc/app/controllers/application_controller.rb:68)


Processing ActivitiesController#show (for 127.0.0.1 at 2010-02-06 19:53:15) [GET]
  Parameters: {"id"=>"4"}
  [4;36;1mActivity Columns (2.6ms)[0m   [0;1mSHOW FIELDS FROM `activities`[0m
  [4;35;1mActivity Load (0.2ms)[0m   [0mSELECT * FROM `activities` WHERE (`activities`.`id` = 4) [0m
  [4;36;1mProgram Load (0.2ms)[0m   [0;1mSELECT * FROM programs where activity_id = NULL[0m
  [4;35;1mCategory Load (0.1ms)[0m   [0mSELECT * FROM categories where activity_id = NULL[0m
  [4;36;1mActivitiesComment Load (0.3ms)[0m   [0;1mSELECT * FROM activities_comments where activity_id = NULL[0m
  [4;35;1mActivitiesComment Columns (1.2ms)[0m   [0mSHOW FIELDS FROM `activities_comments`[0m
Rendering template within layouts/activities
Rendering activities/show
  [4;36;1mActivitiesComment Load (0.2ms)[0m   [0;1mSELECT * FROM `activities_comments` WHERE (`activities_comments`.activity_id = 4) [0m

ActionView::TemplateError (undefined local variable or method `activity' for #<ActionView::Base:0x251e6e8>) on line #32 of app/views/activities/show.html.erb:
29:             <h2>Basic Info</h2>
30:             <table class="list-table">
31:                 <tr><td class="name">Name:</td><td class="value"><%= @activity.name %></tr>
32:                 <tr><td class="name">Description:</td><td class="value"><%= activity.description %></tr>
33:                 <tr><td class="name">Tagged as:</td><td class="value">
34:                     <% activity.tags.each do |tag| %>
35:                     <%= tag.name %>

    app/views/activities/show.html.erb:32
    app/controllers/activities_controller.rb:90:in `show'

Rendered rescues/_trace (36.9ms)
Rendered rescues/_request_and_response (0.3ms)
Rendering rescues/layout (internal_server_error)
  [4;35;1mSQL (0.1ms)[0m   [0mSET NAMES 'utf8'[0m
  [4;36;1mSQL (0.1ms)[0m   [0;1mSET SQL_AUTO_IS_NULL=0[0m
DEPRECATION WARNING: protect_from_forgery only takes :only and :except options now. :digest and :secret have no effect. (called from /Users/Matt/Code/jgc/app/controllers/application_controller.rb:9)
DEPRECATION WARNING: Disabling sessions for a single controller has been deprecated. Sessions are now lazy loaded. So if you don't access them, consider them off. You can still modify the session cookie options with request.session_options.. (called from /Users/Matt/Code/jgc/app/controllers/application_controller.rb:68)


Processing ActivitiesController#show (for 127.0.0.1 at 2010-02-06 19:53:32) [GET]
  Parameters: {"id"=>"4"}
  [4;35;1mActivity Columns (2.2ms)[0m   [0mSHOW FIELDS FROM `activities`[0m
  [4;36;1mActivity Load (1.8ms)[0m   [0;1mSELECT * FROM `activities` WHERE (`activities`.`id` = 4) [0m
  [4;35;1mProgram Load (0.2ms)[0m   [0mSELECT * FROM programs where activity_id = NULL[0m
  [4;36;1mCategory Load (0.2ms)[0m   [0;1mSELECT * FROM categories where activity_id = NULL[0m
  [4;35;1mActivitiesComment Load (0.4ms)[0m   [0mSELECT * FROM activities_comments where activity_id = NULL[0m
  [4;36;1mActivitiesComment Columns (1.4ms)[0m   [0;1mSHOW FIELDS FROM `activities_comments`[0m
Rendering template within layouts/activities
Rendering activities/show
  [4;35;1mactivities_tags Columns (1.3ms)[0m   [0mSHOW FIELDS FROM `activities_tags`[0m
  [4;36;1mTag Load (0.6ms)[0m   [0;1mSELECT * FROM `tags` INNER JOIN `activities_tags` ON `tags`.id = `activities_tags`.tag_id WHERE (`activities_tags`.activity_id = 4 ) [0m
  [4;35;1mActivitiesComment Load (0.2ms)[0m   [0mSELECT * FROM `activities_comments` WHERE (`activities_comments`.activity_id = 4) [0m
Completed in 106ms (View: 16, DB: 9) | 200 OK [http://localhost/activities/4]
  [4;36;1mSQL (0.1ms)[0m   [0;1mSET NAMES 'utf8'[0m
  [4;35;1mSQL (0.1ms)[0m   [0mSET SQL_AUTO_IS_NULL=0[0m
DEPRECATION WARNING: protect_from_forgery only takes :only and :except options now. :digest and :secret have no effect. (called from /Users/Matt/Code/jgc/app/controllers/application_controller.rb:9)
DEPRECATION WARNING: Disabling sessions for a single controller has been deprecated. Sessions are now lazy loaded. So if you don't access them, consider them off. You can still modify the session cookie options with request.session_options.. (called from /Users/Matt/Code/jgc/app/controllers/application_controller.rb:68)


Processing ActivitiesController#show (for 127.0.0.1 at 2010-02-06 19:53:53) [GET]
  Parameters: {"id"=>"4"}
  [4;36;1mActivity Columns (4.5ms)[0m   [0;1mSHOW FIELDS FROM `activities`[0m
  [4;35;1mActivity Load (0.4ms)[0m   [0mSELECT * FROM `activities` WHERE (`activities`.`id` = 4) [0m
  [4;36;1mProgram Load (0.2ms)[0m   [0;1mSELECT * FROM programs where activity_id = NULL[0m
  [4;35;1mCategory Load (0.2ms)[0m   [0mSELECT * FROM categories where activity_id = NULL[0m
  [4;36;1mActivitiesComment Load (0.2ms)[0m   [0;1mSELECT * FROM activities_comments where activity_id = NULL[0m
  [4;35;1mActivitiesComment Columns (1.5ms)[0m   [0mSHOW FIELDS FROM `activities_comments`[0m
Rendering template within layouts/activities
Rendering activities/show
  [4;36;1mactivities_tags Columns (1.4ms)[0m   [0;1mSHOW FIELDS FROM `activities_tags`[0m
  [4;35;1mTag Load (0.5ms)[0m   [0mSELECT * FROM `tags` INNER JOIN `activities_tags` ON `tags`.id = `activities_tags`.tag_id WHERE (`activities_tags`.activity_id = 4 ) [0m
  [4;36;1mActivitiesComment Load (0.2ms)[0m   [0;1mSELECT * FROM `activities_comments` WHERE (`activities_comments`.activity_id = 4) [0m
Completed in 48ms (View: 16, DB: 10) | 200 OK [http://localhost/activities/4]
  [4;36;1mSQL (0.1ms)[0m   [0;1mSET NAMES 'utf8'[0m
  [4;35;1mSQL (0.1ms)[0m   [0mSET SQL_AUTO_IS_NULL=0[0m
DEPRECATION WARNING: protect_from_forgery only takes :only and :except options now. :digest and :secret have no effect. (called from /Users/Matt/Code/jgc/app/controllers/application_controller.rb:9)
DEPRECATION WARNING: Disabling sessions for a single controller has been deprecated. Sessions are now lazy loaded. So if you don't access them, consider them off. You can still modify the session cookie options with request.session_options.. (called from /Users/Matt/Code/jgc/app/controllers/application_controller.rb:68)


Processing ActivitiesController#show (for 127.0.0.1 at 2010-02-06 20:10:20) [GET]
  Parameters: {"id"=>"4"}
  [4;36;1mActivity Columns (2.7ms)[0m   [0;1mSHOW FIELDS FROM `activities`[0m
  [4;35;1mActivity Load (0.3ms)[0m   [0mSELECT * FROM `activities` WHERE (`activities`.`id` = 4) [0m
  [4;36;1mProgram Load (0.3ms)[0m   [0;1mSELECT * FROM programs where activity_id = NULL[0m
  [4;35;1mCategory Load (0.2ms)[0m   [0mSELECT * FROM categories where activity_id = NULL[0m
  [4;36;1mActivitiesComment Load (0.2ms)[0m   [0;1mSELECT * FROM activities_comments where activity_id = NULL[0m
  [4;35;1mActivitiesComment Columns (1.3ms)[0m   [0mSHOW FIELDS FROM `activities_comments`[0m
Rendering template within layouts/activities
Rendering activities/show
  [4;36;1mactivities_tags Columns (1.3ms)[0m   [0;1mSHOW FIELDS FROM `activities_tags`[0m
  [4;35;1mTag Load (0.8ms)[0m   [0mSELECT * FROM `tags` INNER JOIN `activities_tags` ON `tags`.id = `activities_tags`.tag_id WHERE (`activities_tags`.activity_id = 4 ) [0m
  [4;36;1mActivitiesComment Load (0.2ms)[0m   [0;1mSELECT * FROM `activities_comments` WHERE (`activities_comments`.activity_id = 4) [0m
Completed in 128ms (View: 78, DB: 9) | 200 OK [http://localhost/activities/4]
  [4;35;1mSQL (0.2ms)[0m   [0mSET NAMES 'utf8'[0m
  [4;36;1mSQL (0.1ms)[0m   [0;1mSET SQL_AUTO_IS_NULL=0[0m
DEPRECATION WARNING: protect_from_forgery only takes :only and :except options now. :digest and :secret have no effect. (called from /Users/Matt/Code/jgc/app/controllers/application_controller.rb:9)
DEPRECATION WARNING: Disabling sessions for a single controller has been deprecated. Sessions are now lazy loaded. So if you don't access them, consider them off. You can still modify the session cookie options with request.session_options.. (called from /Users/Matt/Code/jgc/app/controllers/application_controller.rb:68)


Processing ActivitiesController#show (for 127.0.0.1 at 2010-02-06 20:11:28) [GET]
  Parameters: {"id"=>"4"}
  [4;35;1mActivity Columns (2.9ms)[0m   [0mSHOW FIELDS FROM `activities`[0m
  [4;36;1mActivity Load (0.4ms)[0m   [0;1mSELECT * FROM `activities` WHERE (`activities`.`id` = 4) [0m
  [4;35;1mProgram Load (0.2ms)[0m   [0mSELECT * FROM programs where activity_id = NULL[0m
  [4;36;1mCategory Load (0.2ms)[0m   [0;1mSELECT * FROM categories where activity_id = NULL[0m
  [4;35;1mActivitiesComment Load (0.3ms)[0m   [0mSELECT * FROM activities_comments where activity_id = NULL[0m
  [4;36;1mActivitiesComment Columns (1.2ms)[0m   [0;1mSHOW FIELDS FROM `activities_comments`[0m
Rendering template within layouts/activities
Rendering activities/show
  [4;35;1mactivities_tags Columns (1.3ms)[0m   [0mSHOW FIELDS FROM `activities_tags`[0m
  [4;36;1mTag Load (0.3ms)[0m   [0;1mSELECT * FROM `tags` INNER JOIN `activities_tags` ON `tags`.id = `activities_tags`.tag_id WHERE (`activities_tags`.activity_id = 4 ) [0m
  [4;35;1mActivitiesComment Load (0.2ms)[0m   [0mSELECT * FROM `activities_comments` WHERE (`activities_comments`.activity_id = 4) [0m
Completed in 42ms (View: 11, DB: 8) | 200 OK [http://localhost/activities/4]
  [4;36;1mSQL (0.1ms)[0m   [0;1mSET NAMES 'utf8'[0m
  [4;35;1mSQL (0.1ms)[0m   [0mSET SQL_AUTO_IS_NULL=0[0m
DEPRECATION WARNING: protect_from_forgery only takes :only and :except options now. :digest and :secret have no effect. (called from /Users/Matt/Code/jgc/app/controllers/application_controller.rb:9)
DEPRECATION WARNING: Disabling sessions for a single controller has been deprecated. Sessions are now lazy loaded. So if you don't access them, consider them off. You can still modify the session cookie options with request.session_options.. (called from /Users/Matt/Code/jgc/app/controllers/application_controller.rb:68)


Processing ActivitiesController#show (for 127.0.0.1 at 2010-02-06 20:13:09) [GET]
  Parameters: {"id"=>"4"}
  [4;36;1mActivity Columns (2.4ms)[0m   [0;1mSHOW FIELDS FROM `activities`[0m
  [4;35;1mActivity Load (0.3ms)[0m   [0mSELECT * FROM `activities` WHERE (`activities`.`id` = 4) [0m
  [4;36;1mProgram Load (0.3ms)[0m   [0;1mSELECT * FROM programs where activity_id = NULL[0m
  [4;35;1mCategory Load (0.2ms)[0m   [0mSELECT * FROM categories where activity_id = NULL[0m
  [4;36;1mActivitiesComment Load (0.2ms)[0m   [0;1mSELECT * FROM activities_comments where activity_id = NULL[0m
  [4;35;1mActivitiesComment Columns (1.3ms)[0m   [0mSHOW FIELDS FROM `activities_comments`[0m
Rendering template within layouts/activities
Rendering activities/show
  [4;36;1mactivities_tags Columns (1.2ms)[0m   [0;1mSHOW FIELDS FROM `activities_tags`[0m
  [4;35;1mTag Load (0.5ms)[0m   [0mSELECT * FROM `tags` INNER JOIN `activities_tags` ON `tags`.id = `activities_tags`.tag_id WHERE (`activities_tags`.activity_id = 4 ) [0m
  [4;36;1mActivitiesComment Load (0.2ms)[0m   [0;1mSELECT * FROM `activities_comments` WHERE (`activities_comments`.activity_id = 4) [0m
Completed in 47ms (View: 16, DB: 7) | 200 OK [http://localhost/activities/4]
  [4;35;1mSQL (0.1ms)[0m   [0mSET NAMES 'utf8'[0m
  [4;36;1mSQL (0.1ms)[0m   [0;1mSET SQL_AUTO_IS_NULL=0[0m
DEPRECATION WARNING: protect_from_forgery only takes :only and :except options now. :digest and :secret have no effect. (called from /Users/Matt/Code/jgc/app/controllers/application_controller.rb:9)
DEPRECATION WARNING: Disabling sessions for a single controller has been deprecated. Sessions are now lazy loaded. So if you don't access them, consider them off. You can still modify the session cookie options with request.session_options.. (called from /Users/Matt/Code/jgc/app/controllers/application_controller.rb:68)


Processing ActivitiesController#show (for 127.0.0.1 at 2010-02-06 20:14:01) [GET]
  Parameters: {"id"=>"4"}
  [4;35;1mActivity Columns (2.4ms)[0m   [0mSHOW FIELDS FROM `activities`[0m
  [4;36;1mActivity Load (0.3ms)[0m   [0;1mSELECT * FROM `activities` WHERE (`activities`.`id` = 4) [0m
  [4;35;1mProgram Load (0.2ms)[0m   [0mSELECT * FROM programs where activity_id = NULL[0m
  [4;36;1mCategory Load (0.2ms)[0m   [0;1mSELECT * FROM categories where activity_id = NULL[0m
  [4;35;1mActivitiesComment Load (0.3ms)[0m   [0mSELECT * FROM activities_comments where activity_id = NULL[0m
  [4;36;1mActivitiesComment Columns (1.2ms)[0m   [0;1mSHOW FIELDS FROM `activities_comments`[0m
Rendering template within layouts/activities
Rendering activities/show
  [4;35;1mactivities_tags Columns (1.4ms)[0m   [0mSHOW FIELDS FROM `activities_tags`[0m
  [4;36;1mTag Load (1.1ms)[0m   [0;1mSELECT * FROM `tags` INNER JOIN `activities_tags` ON `tags`.id = `activities_tags`.tag_id WHERE (`activities_tags`.activity_id = 4 ) [0m
  [4;35;1mActivitiesComment Load (0.2ms)[0m   [0mSELECT * FROM `activities_comments` WHERE (`activities_comments`.activity_id = 4) [0m
Completed in 45ms (View: 16, DB: 8) | 200 OK [http://localhost/activities/4]
  [4;36;1mSQL (3.0ms)[0m   [0;1mSET NAMES 'utf8'[0m
  [4;35;1mSQL (0.1ms)[0m   [0mSET SQL_AUTO_IS_NULL=0[0m
DEPRECATION WARNING: protect_from_forgery only takes :only and :except options now. :digest and :secret have no effect. (called from /Users/Matt/Code/jgc/app/controllers/application_controller.rb:9)
DEPRECATION WARNING: Disabling sessions for a single controller has been deprecated. Sessions are now lazy loaded. So if you don't access them, consider them off. You can still modify the session cookie options with request.session_options.. (called from /Users/Matt/Code/jgc/app/controllers/application_controller.rb:68)


Processing UserController#userComment (for 127.0.0.1 at 2010-02-06 20:14:13) [GET]
Rendering template within layouts/user
Rendering user/userComment
Completed in 20ms (View: 18, DB: 4) | 200 OK [http://localhost/user/userComment]
